<?xml version="1.0" encoding="UTF-8"?>
<!-- Generated by org.testng.reporters.JUnitXMLReporter -->
<testsuite ignored="0" hostname="SoumyaPC" failures="0" tests="6" name="Surefire test" time="20.618" errors="0" timestamp="07 Aug 2021 23:26:19 GMT">
  <testcase classname="com.flipkart.qa.test.FlipKartTest" name="openHomePage" time="0.348"/>
  <testcase classname="com.flipkart.qa.test.FlipKartTest" name="setCriteria" time="1.208"/>
  <testcase classname="com.flipkart.qa.test.FlipKartTest" name="setRAM" time="2.169"/>
  <testcase classname="com.flipkart.qa.test.FlipKartTest" name="setProcessor" time="3.266"/>
  <testcase classname="com.flipkart.qa.test.FlipKartTest" name="getTotalNoOfMobiles" time="1.343"/>
  <testcase classname="com.flipkart.qa.test.FlipKartTest" name="writeInCSVFile" time="0.005"/>
</testsuite> <!-- Surefire test -->
