<?xml version="1.0" encoding="UTF-8"?>
<testsuite xmlns:xsi="http://www.w3.org/2001/XMLSchema-instance" xsi:noNamespaceSchemaLocation="https://maven.apache.org/surefire/maven-surefire-plugin/xsd/surefire-test-report.xsd" name="com.flipkart.qa.test.FlipKartTest" time="21.226" tests="6" errors="0" skipped="0" failures="0">
  <properties>
[...]
</properties>
  <testcase name="openHomePage" classname="com.flipkart.qa.test.FlipKartTest" time="0.35"/>
  <testcase name="setCriteria" classname="com.flipkart.qa.test.FlipKartTest" time="1.201"/>
  <testcase name="setRAM" classname="com.flipkart.qa.test.FlipKartTest" time="2.17"/>
  <testcase name="setProcessor" classname="com.flipkart.qa.test.FlipKartTest" time="3.266"/>
  <testcase name="getTotalNoOfMobiles" classname="com.flipkart.qa.test.FlipKartTest" time="1.343"/>
  <testcase name="writeInCSVFile" classname="com.flipkart.qa.test.FlipKartTest" time="0.006"/>
</testsuite>